  [1m[35m (19.3ms)[0m  [1m[35mCREATE TABLE "schema_migrations" ("version" varchar NOT NULL PRIMARY KEY)[0m
  [1m[35m (9.2ms)[0m  [1m[35mCREATE TABLE "ar_internal_metadata" ("key" varchar NOT NULL PRIMARY KEY, "value" varchar, "created_at" datetime(6) NOT NULL, "updated_at" datetime(6) NOT NULL)[0m
  [1m[36mActiveRecord::SchemaMigration Pluck (0.3ms)[0m  [1m[34mSELECT "schema_migrations"."version" FROM "schema_migrations" ORDER BY "schema_migrations"."version" ASC[0m
Migrating to DeviseCreateUsers (20231211052246)
  [1m[36mTRANSACTION (0.1ms)[0m  [1m[36mbegin transaction[0m
  [1m[35m (0.9ms)[0m  [1m[35mCREATE TABLE "users" ("id" integer PRIMARY KEY AUTOINCREMENT NOT NULL, "nickname" varchar NOT NULL, "email" varchar DEFAULT '' NOT NULL, "encrypted_password" varchar DEFAULT '' NOT NULL, "game_name" varchar NOT NULL, "reset_password_token" varchar, "reset_password_sent_at" datetime, "remember_created_at" datetime, "created_at" datetime(6) NOT NULL, "updated_at" datetime(6) NOT NULL)[0m
  [1m[35m (0.1ms)[0m  [1m[35mCREATE UNIQUE INDEX "index_users_on_email" ON "users" ("email")[0m
  [1m[35m (0.1ms)[0m  [1m[35mCREATE UNIQUE INDEX "index_users_on_reset_password_token" ON "users" ("reset_password_token")[0m
  [1m[36mActiveRecord::SchemaMigration Create (0.2ms)[0m  [1m[32mINSERT INTO "schema_migrations" ("version") VALUES (?)[0m  [["version", "20231211052246"]]
  [1m[36mTRANSACTION (9.6ms)[0m  [1m[36mcommit transaction[0m
  [1m[36mActiveRecord::InternalMetadata Load (0.4ms)[0m  [1m[34mSELECT "ar_internal_metadata".* FROM "ar_internal_metadata" WHERE "ar_internal_metadata"."key" = ? LIMIT ?[0m  [["key", "environment"], ["LIMIT", 1]]
  [1m[36mTRANSACTION (0.1ms)[0m  [1m[36mbegin transaction[0m
  [1m[36mActiveRecord::InternalMetadata Create (1.4ms)[0m  [1m[32mINSERT INTO "ar_internal_metadata" ("key", "value", "created_at", "updated_at") VALUES (?, ?, ?, ?)[0m  [["key", "environment"], ["value", "development"], ["created_at", "2023-12-11 05:24:35.795129"], ["updated_at", "2023-12-11 05:24:35.795129"]]
  [1m[36mTRANSACTION (9.3ms)[0m  [1m[36mcommit transaction[0m
  [1m[36mActiveRecord::SchemaMigration Pluck (0.3ms)[0m  [1m[34mSELECT "schema_migrations"."version" FROM "schema_migrations" ORDER BY "schema_migrations"."version" ASC[0m
Started GET "/users/sign_up" for ::1 at 2023-12-11 14:25:38 +0900
  [1m[36mActiveRecord::SchemaMigration Pluck (0.4ms)[0m  [1m[34mSELECT "schema_migrations"."version" FROM "schema_migrations" ORDER BY "schema_migrations"."version" ASC[0m
Processing by Devise::RegistrationsController#new as HTML
  Rendering layout layouts/application.html.erb
  Rendering C:/Ruby30-x64/lib/ruby/gems/3.0.0/gems/devise-4.9.3/app/views/devise/registrations/new.html.erb within layouts/application
  Rendered C:/Ruby30-x64/lib/ruby/gems/3.0.0/gems/devise-4.9.3/app/views/devise/shared/_error_messages.html.erb (Duration: 2.0ms | Allocations: 300)
  Rendered C:/Ruby30-x64/lib/ruby/gems/3.0.0/gems/devise-4.9.3/app/views/devise/shared/_links.html.erb (Duration: 3.0ms | Allocations: 789)
  Rendered C:/Ruby30-x64/lib/ruby/gems/3.0.0/gems/devise-4.9.3/app/views/devise/registrations/new.html.erb within layouts/application (Duration: 92.7ms | Allocations: 6632)
  Rendered layout layouts/application.html.erb (Duration: 970.1ms | Allocations: 111290)
Completed 200 OK in 1272ms (Views: 1180.2ms | ActiveRecord: 1.6ms | Allocations: 141463)


Started GET "/users/sign_up" for ::1 at 2023-12-11 14:29:24 +0900
Processing by Devise::RegistrationsController#new as HTML
  Rendering layout layouts/application.html.erb
  Rendering devise/registrations/new.html.erb within layouts/application
  Rendered devise/registrations/new.html.erb within layouts/application (Duration: 371.9ms | Allocations: 11198)
  Rendered layout layouts/application.html.erb (Duration: 373.2ms | Allocations: 11290)
Completed 500 Internal Server Error in 411ms (ActiveRecord: 0.0ms | Allocations: 12994)


  
ActionView::Template::Error (Missing partial shared/_header with {:locale=>[:en], :formats=>[:html], :variants=>[], :handlers=>[:raw, :erb, :html, :builder, :ruby, :jbuilder]}.

Searched in:
  * "C:/Users/maiko/matching_game/app/views"
  * "C:/Ruby30-x64/lib/ruby/gems/3.0.0/gems/devise-4.9.3/app/views"
  * "C:/Ruby30-x64/lib/ruby/gems/3.0.0/gems/turbo-rails-1.5.0/app/views"
  * "C:/Ruby30-x64/lib/ruby/gems/3.0.0/gems/actiontext-7.0.8/app/views"
  * "C:/Ruby30-x64/lib/ruby/gems/3.0.0/gems/actionmailbox-7.0.8/app/views"

Did you mean?  action_text/attachables/remote_image
               devise/shared/error_messages
               action_text/contents/content
               action_text/attachment_galleries/attachment_gallery
               action_text/attachables/missing_attachable
               layouts/action_text/contents/content):
    1: <div class="wrapper">
    2:   <%= render "shared/header" %>
    3:     <div class="side-bar">
    4:       <%= render "shared/side_bar" %>
    5:     </div>
  
app/views/devise/registrations/new.html.erb:2
Started GET "/users/sign_up" for ::1 at 2023-12-11 14:33:19 +0900
Processing by Devise::RegistrationsController#new as HTML
  Rendering layout layouts/application.html.erb
  Rendering devise/registrations/new.html.erb within layouts/application
  Rendered devise/registrations/new.html.erb within layouts/application (Duration: 73.3ms | Allocations: 2943)
  Rendered layout layouts/application.html.erb (Duration: 74.8ms | Allocations: 3026)
Completed 500 Internal Server Error in 113ms (ActiveRecord: 0.0ms | Allocations: 4707)


  
ActionView::Template::Error (Missing partial shared/_header with {:locale=>[:en], :formats=>[:html], :variants=>[], :handlers=>[:raw, :erb, :html, :builder, :ruby, :jbuilder]}.

Searched in:
  * "C:/Users/maiko/matching_game/app/views"
  * "C:/Ruby30-x64/lib/ruby/gems/3.0.0/gems/devise-4.9.3/app/views"
  * "C:/Ruby30-x64/lib/ruby/gems/3.0.0/gems/turbo-rails-1.5.0/app/views"
  * "C:/Ruby30-x64/lib/ruby/gems/3.0.0/gems/actiontext-7.0.8/app/views"
  * "C:/Ruby30-x64/lib/ruby/gems/3.0.0/gems/actionmailbox-7.0.8/app/views"

Did you mean?  action_text/attachables/remote_image
               devise/shared/error_messages
               action_text/contents/content
               action_text/attachment_galleries/attachment_gallery
               action_text/attachables/missing_attachable
               layouts/action_text/contents/content):
    1: <div class="wrapper">
    2:   <%= render "shared/header" %>
    3:     <div class="side-bar">
    4:       <%= render "shared/side_bar" %>
    5:     </div>
  
app/views/devise/registrations/new.html.erb:2
Started GET "/users/sign_up" for ::1 at 2023-12-11 14:38:35 +0900
Processing by Devise::RegistrationsController#new as HTML
Filter chain halted as :basic_auth rendered or redirected
Completed 401 Unauthorized in 7ms (ActiveRecord: 0.0ms | Allocations: 598)


Started GET "/users/sign_up" for ::1 at 2023-12-11 14:38:42 +0900
Processing by Devise::RegistrationsController#new as HTML
  Rendering layout layouts/application.html.erb
  Rendering devise/registrations/new.html.erb within layouts/application
  Rendered devise/registrations/new.html.erb within layouts/application (Duration: 59.5ms | Allocations: 2283)
  Rendered layout layouts/application.html.erb (Duration: 60.7ms | Allocations: 2366)
Completed 500 Internal Server Error in 118ms (ActiveRecord: 1.1ms | Allocations: 6917)


  
ActionView::Template::Error (Missing partial shared/_header with {:locale=>[:en], :formats=>[:html], :variants=>[], :handlers=>[:raw, :erb, :html, :builder, :ruby, :jbuilder]}.

Searched in:
  * "C:/Users/maiko/matching_game/app/views"
  * "C:/Ruby30-x64/lib/ruby/gems/3.0.0/gems/devise-4.9.3/app/views"
  * "C:/Ruby30-x64/lib/ruby/gems/3.0.0/gems/turbo-rails-1.5.0/app/views"
  * "C:/Ruby30-x64/lib/ruby/gems/3.0.0/gems/actiontext-7.0.8/app/views"
  * "C:/Ruby30-x64/lib/ruby/gems/3.0.0/gems/actionmailbox-7.0.8/app/views"

Did you mean?  action_text/attachables/remote_image
               devise/shared/error_messages
               action_text/contents/content
               action_text/attachment_galleries/attachment_gallery
               action_text/attachables/missing_attachable
               layouts/action_text/contents/content):
    1: <div class="wrapper">
    2:   <%= render "shared/header" %>
    3:     <div class="side-bar">
    4:       <%= render "shared/side_bar" %>
    5:     </div>
  
app/views/devise/registrations/new.html.erb:2
  [1m[36mActiveRecord::SchemaMigration Pluck (0.4ms)[0m  [1m[34mSELECT "schema_migrations"."version" FROM "schema_migrations" ORDER BY "schema_migrations"."version" ASC[0m
Migrating to CreateRooms (20231212052746)
  [1m[36mTRANSACTION (0.1ms)[0m  [1m[36mbegin transaction[0m
  [1m[35m (2.6ms)[0m  [1m[35mCREATE TABLE "rooms" ("id" integer PRIMARY KEY AUTOINCREMENT NOT NULL, "user_id" integer NOT NULL, "coach_id" integer NOT NULL, "payment_id" integer NOT NULL, "created_at" datetime(6) NOT NULL, "updated_at" datetime(6) NOT NULL)[0m
  [1m[35m (0.3ms)[0m  [1m[35mCREATE INDEX "index_rooms_on_user_id" ON "rooms" ("user_id")[0m
  [1m[35m (0.2ms)[0m  [1m[35mCREATE INDEX "index_rooms_on_coach_id" ON "rooms" ("coach_id")[0m
  [1m[35m (0.1ms)[0m  [1m[35mCREATE INDEX "index_rooms_on_payment_id" ON "rooms" ("payment_id")[0m
  [1m[36mActiveRecord::SchemaMigration Create (0.5ms)[0m  [1m[32mINSERT INTO "schema_migrations" ("version") VALUES (?)[0m  [["version", "20231212052746"]]
  [1m[36mTRANSACTION (10.5ms)[0m  [1m[36mcommit transaction[0m
  [1m[36mActiveRecord::InternalMetadata Load (0.5ms)[0m  [1m[34mSELECT "ar_internal_metadata".* FROM "ar_internal_metadata" WHERE "ar_internal_metadata"."key" = ? LIMIT ?[0m  [["key", "environment"], ["LIMIT", 1]]
  [1m[36mActiveRecord::SchemaMigration Pluck (0.2ms)[0m  [1m[34mSELECT "schema_migrations"."version" FROM "schema_migrations" ORDER BY "schema_migrations"."version" ASC[0m
  [1m[36mActiveRecord::SchemaMigration Pluck (0.3ms)[0m  [1m[34mSELECT "schema_migrations"."version" FROM "schema_migrations" ORDER BY "schema_migrations"."version" ASC[0m
Migrating to CreatePayments (20231212053324)
  [1m[36mTRANSACTION (0.1ms)[0m  [1m[36mbegin transaction[0m
  [1m[35m (1.0ms)[0m  [1m[35mCREATE TABLE "payments" ("id" integer PRIMARY KEY AUTOINCREMENT NOT NULL, "coach_id" integer NOT NULL, "order_id" integer NOT NULL, "rank_id" integer NOT NULL, "character" text NOT NULL, "play_style" varchar, "play_time" varchar NOT NULL, "play_device" text NOT NULL, "communication_tool" text NOT NULL, "goal" text NOT NULL, "created_at" datetime(6) NOT NULL, "updated_at" datetime(6) NOT NULL, CONSTRAINT "fk_rails_5772d9daae"
FOREIGN KEY ("coach_id")
  REFERENCES "coaches" ("id")
, CONSTRAINT "fk_rails_6af949464b"
FOREIGN KEY ("order_id")
  REFERENCES "orders" ("id")
)[0m
  [1m[35m (0.2ms)[0m  [1m[35mCREATE INDEX "index_payments_on_coach_id" ON "payments" ("coach_id")[0m
  [1m[35m (0.1ms)[0m  [1m[35mCREATE INDEX "index_payments_on_order_id" ON "payments" ("order_id")[0m
  [1m[36mActiveRecord::SchemaMigration Create (0.3ms)[0m  [1m[32mINSERT INTO "schema_migrations" ("version") VALUES (?)[0m  [["version", "20231212053324"]]
  [1m[36mTRANSACTION (18.9ms)[0m  [1m[36mcommit transaction[0m
  [1m[36mActiveRecord::InternalMetadata Load (0.4ms)[0m  [1m[34mSELECT "ar_internal_metadata".* FROM "ar_internal_metadata" WHERE "ar_internal_metadata"."key" = ? LIMIT ?[0m  [["key", "environment"], ["LIMIT", 1]]
  [1m[36mActiveRecord::SchemaMigration Pluck (0.3ms)[0m  [1m[34mSELECT "schema_migrations"."version" FROM "schema_migrations" ORDER BY "schema_migrations"."version" ASC[0m
  [1m[36mActiveRecord::SchemaMigration Pluck (0.3ms)[0m  [1m[34mSELECT "schema_migrations"."version" FROM "schema_migrations" ORDER BY "schema_migrations"."version" ASC[0m
Migrating to CreateCoaches (20231212053504)
  [1m[36mTRANSACTION (0.1ms)[0m  [1m[36mbegin transaction[0m
  [1m[35m (1.2ms)[0m  [1m[35mCREATE TABLE "coaches" ("id" integer PRIMARY KEY AUTOINCREMENT NOT NULL, "user_id" integer NOT NULL, "rank_id" integer NOT NULL, "kill_rate" varchar NOT NULL, "character" text NOT NULL, "play_style" varchar, "play_time" varchar NOT NULL, "play_device" text NOT NULL, "communication_tool" text NOT NULL, "price" varchar NOT NULL, "times_to_teach" varchar NOT NULL, "rank_limit_id" integer NOT NULL, "appeal_point" text NOT NULL, "created_at" datetime(6) NOT NULL, "updated_at" datetime(6) NOT NULL, CONSTRAINT "fk_rails_ec89a84af0"
FOREIGN KEY ("user_id")
  REFERENCES "users" ("id")
)[0m
  [1m[35m (0.2ms)[0m  [1m[35mCREATE INDEX "index_coaches_on_user_id" ON "coaches" ("user_id")[0m
  [1m[36mActiveRecord::SchemaMigration Create (0.5ms)[0m  [1m[32mINSERT INTO "schema_migrations" ("version") VALUES (?)[0m  [["version", "20231212053504"]]
  [1m[36mTRANSACTION (9.9ms)[0m  [1m[36mcommit transaction[0m
  [1m[36mActiveRecord::InternalMetadata Load (0.4ms)[0m  [1m[34mSELECT "ar_internal_metadata".* FROM "ar_internal_metadata" WHERE "ar_internal_metadata"."key" = ? LIMIT ?[0m  [["key", "environment"], ["LIMIT", 1]]
  [1m[36mActiveRecord::SchemaMigration Pluck (0.2ms)[0m  [1m[34mSELECT "schema_migrations"."version" FROM "schema_migrations" ORDER BY "schema_migrations"."version" ASC[0m
  [1m[36mActiveRecord::SchemaMigration Pluck (0.3ms)[0m  [1m[34mSELECT "schema_migrations"."version" FROM "schema_migrations" ORDER BY "schema_migrations"."version" ASC[0m
Migrating to CreateOrders (20231212053648)
  [1m[36mTRANSACTION (0.1ms)[0m  [1m[36mbegin transaction[0m
  [1m[35m (2.3ms)[0m  [1m[35mCREATE TABLE "orders" ("id" integer PRIMARY KEY AUTOINCREMENT NOT NULL, "user_id" integer NOT NULL, "coach_id" integer NOT NULL, "created_at" datetime(6) NOT NULL, "updated_at" datetime(6) NOT NULL, CONSTRAINT "fk_rails_f868b47f6a"
FOREIGN KEY ("user_id")
  REFERENCES "users" ("id")
, CONSTRAINT "fk_rails_a838cdeb7a"
FOREIGN KEY ("coach_id")
  REFERENCES "coaches" ("id")
)[0m
  [1m[35m (0.2ms)[0m  [1m[35mCREATE INDEX "index_orders_on_user_id" ON "orders" ("user_id")[0m
  [1m[35m (0.2ms)[0m  [1m[35mCREATE INDEX "index_orders_on_coach_id" ON "orders" ("coach_id")[0m
  [1m[36mActiveRecord::SchemaMigration Create (0.3ms)[0m  [1m[32mINSERT INTO "schema_migrations" ("version") VALUES (?)[0m  [["version", "20231212053648"]]
  [1m[36mTRANSACTION (9.9ms)[0m  [1m[36mcommit transaction[0m
  [1m[36mActiveRecord::InternalMetadata Load (1.3ms)[0m  [1m[34mSELECT "ar_internal_metadata".* FROM "ar_internal_metadata" WHERE "ar_internal_metadata"."key" = ? LIMIT ?[0m  [["key", "environment"], ["LIMIT", 1]]
  [1m[36mActiveRecord::SchemaMigration Pluck (0.3ms)[0m  [1m[34mSELECT "schema_migrations"."version" FROM "schema_migrations" ORDER BY "schema_migrations"."version" ASC[0m
Started GET "/rooms/new" for ::1 at 2023-12-12 14:41:08 +0900
  [1m[36mActiveRecord::SchemaMigration Pluck (0.5ms)[0m  [1m[34mSELECT "schema_migrations"."version" FROM "schema_migrations" ORDER BY "schema_migrations"."version" ASC[0m
  
ActionController::RoutingError (No route matches [GET] "/rooms/new"):
  
Started GET "/" for ::1 at 2023-12-12 14:41:19 +0900
  
ActionController::RoutingError (uninitialized constant CoachesController):
  
Started GET "/" for ::1 at 2023-12-12 14:41:23 +0900
  
ActionController::RoutingError (uninitialized constant CoachesController):
  
Started GET "/" for ::1 at 2023-12-12 14:56:54 +0900
  
ActionController::RoutingError (uninitialized constant CoachesController):
  
Started GET "/" for ::1 at 2023-12-14 10:38:08 +0900
  [1m[36mActiveRecord::SchemaMigration Pluck (0.2ms)[0m  [1m[34mSELECT "schema_migrations"."version" FROM "schema_migrations" ORDER BY "schema_migrations"."version" ASC[0m
  
ActionController::RoutingError (uninitialized constant CoachesController):
  
Started GET "/" for ::1 at 2023-12-14 11:04:48 +0900
  [1m[36mActiveRecord::SchemaMigration Pluck (0.2ms)[0m  [1m[34mSELECT "schema_migrations"."version" FROM "schema_migrations" ORDER BY "schema_migrations"."version" ASC[0m
Processing by CoachesController#index as HTML
Filter chain halted as :basic_auth rendered or redirected
Completed 401 Unauthorized in 17ms (ActiveRecord: 0.0ms | Allocations: 3010)


Started GET "/" for ::1 at 2023-12-14 11:04:53 +0900
Processing by CoachesController#index as HTML
Completed 500 Internal Server Error in 18ms (ActiveRecord: 0.0ms | Allocations: 3707)


  
NameError (uninitialized constant Coach::ActiveHash):
  
app/models/coach.rb:2:in `<class:Coach>'
app/models/coach.rb:1:in `<main>'
app/controllers/coaches_controller.rb:6:in `index'
Started GET "/" for ::1 at 2023-12-14 11:07:38 +0900
  [1m[36mActiveRecord::SchemaMigration Pluck (0.2ms)[0m  [1m[34mSELECT "schema_migrations"."version" FROM "schema_migrations" ORDER BY "schema_migrations"."version" ASC[0m
Processing by CoachesController#index as HTML
Completed 406 Not Acceptable in 58ms (ActiveRecord: 0.0ms | Allocations: 13096)


  
ActionController::MissingExactTemplate (CoachesController#index is missing a template for request formats: text/html):
  
actionpack (7.0.8) lib/action_controller/metal/implicit_render.rb:45:in `default_render'
actionpack (7.0.8) lib/action_controller/metal/basic_implicit_render.rb:7:in `send_action'
actionpack (7.0.8) lib/abstract_controller/base.rb:215:in `process_action'
actionpack (7.0.8) lib/action_controller/metal/rendering.rb:165:in `process_action'
actionpack (7.0.8) lib/abstract_controller/callbacks.rb:234:in `block in process_action'
activesupport (7.0.8) lib/active_support/callbacks.rb:118:in `block in run_callbacks'
actiontext (7.0.8) lib/action_text/rendering.rb:20:in `with_renderer'
actiontext (7.0.8) lib/action_text/engine.rb:69:in `block (4 levels) in <class:Engine>'
activesupport (7.0.8) lib/active_support/callbacks.rb:127:in `instance_exec'
activesupport (7.0.8) lib/active_support/callbacks.rb:127:in `block in run_callbacks'
activesupport (7.0.8) lib/active_support/callbacks.rb:138:in `run_callbacks'
actionpack (7.0.8) lib/abstract_controller/callbacks.rb:233:in `process_action'
actionpack (7.0.8) lib/action_controller/metal/rescue.rb:23:in `process_action'
actionpack (7.0.8) lib/action_controller/metal/instrumentation.rb:67:in `block in process_action'
activesupport (7.0.8) lib/active_support/notifications.rb:206:in `block in instrument'
activesupport (7.0.8) lib/active_support/notifications/instrumenter.rb:24:in `instrument'
activesupport (7.0.8) lib/active_support/notifications.rb:206:in `instrument'
actionpack (7.0.8) lib/action_controller/metal/instrumentation.rb:66:in `process_action'
actionpack (7.0.8) lib/action_controller/metal/params_wrapper.rb:259:in `process_action'
activerecord (7.0.8) lib/active_record/railties/controller_runtime.rb:27:in `process_action'
actionpack (7.0.8) lib/abstract_controller/base.rb:151:in `process'
actionview (7.0.8) lib/action_view/rendering.rb:39:in `process'
actionpack (7.0.8) lib/action_controller/metal.rb:188:in `dispatch'
actionpack (7.0.8) lib/action_controller/metal.rb:251:in `dispatch'
actionpack (7.0.8) lib/action_dispatch/routing/route_set.rb:49:in `dispatch'
actionpack (7.0.8) lib/action_dispatch/routing/route_set.rb:32:in `serve'
actionpack (7.0.8) lib/action_dispatch/journey/router.rb:50:in `block in serve'
actionpack (7.0.8) lib/action_dispatch/journey/router.rb:32:in `each'
actionpack (7.0.8) lib/action_dispatch/journey/router.rb:32:in `serve'
actionpack (7.0.8) lib/action_dispatch/routing/route_set.rb:852:in `call'
warden (1.2.9) lib/warden/manager.rb:36:in `block in call'
warden (1.2.9) lib/warden/manager.rb:34:in `catch'
warden (1.2.9) lib/warden/manager.rb:34:in `call'
rack (2.2.8) lib/rack/tempfile_reaper.rb:15:in `call'
rack (2.2.8) lib/rack/etag.rb:27:in `call'
rack (2.2.8) lib/rack/conditional_get.rb:27:in `call'
rack (2.2.8) lib/rack/head.rb:12:in `call'
actionpack (7.0.8) lib/action_dispatch/http/permissions_policy.rb:38:in `call'
actionpack (7.0.8) lib/action_dispatch/http/content_security_policy.rb:36:in `call'
rack (2.2.8) lib/rack/session/abstract/id.rb:266:in `context'
rack (2.2.8) lib/rack/session/abstract/id.rb:260:in `call'
actionpack (7.0.8) lib/action_dispatch/middleware/cookies.rb:704:in `call'
activerecord (7.0.8) lib/active_record/migration.rb:638:in `call'
actionpack (7.0.8) lib/action_dispatch/middleware/callbacks.rb:27:in `block in call'
activesupport (7.0.8) lib/active_support/callbacks.rb:99:in `run_callbacks'
actionpack (7.0.8) lib/action_dispatch/middleware/callbacks.rb:26:in `call'
actionpack (7.0.8) lib/action_dispatch/middleware/executor.rb:14:in `call'
actionpack (7.0.8) lib/action_dispatch/middleware/actionable_exceptions.rb:17:in `call'
actionpack (7.0.8) lib/action_dispatch/middleware/debug_exceptions.rb:28:in `call'
web-console (4.2.1) lib/web_console/middleware.rb:132:in `call_app'
web-console (4.2.1) lib/web_console/middleware.rb:28:in `block in call'
web-console (4.2.1) lib/web_console/middleware.rb:17:in `catch'
web-console (4.2.1) lib/web_console/middleware.rb:17:in `call'
actionpack (7.0.8) lib/action_dispatch/middleware/show_exceptions.rb:29:in `call'
railties (7.0.8) lib/rails/rack/logger.rb:40:in `call_app'
railties (7.0.8) lib/rails/rack/logger.rb:25:in `block in call'
activesupport (7.0.8) lib/active_support/tagged_logging.rb:99:in `block in tagged'
activesupport (7.0.8) lib/active_support/tagged_logging.rb:37:in `tagged'
activesupport (7.0.8) lib/active_support/tagged_logging.rb:99:in `tagged'
railties (7.0.8) lib/rails/rack/logger.rb:25:in `call'
sprockets-rails (3.4.2) lib/sprockets/rails/quiet_assets.rb:13:in `call'
actionpack (7.0.8) lib/action_dispatch/middleware/remote_ip.rb:93:in `call'
actionpack (7.0.8) lib/action_dispatch/middleware/request_id.rb:26:in `call'
rack (2.2.8) lib/rack/method_override.rb:24:in `call'
rack (2.2.8) lib/rack/runtime.rb:22:in `call'
activesupport (7.0.8) lib/active_support/cache/strategy/local_cache_middleware.rb:29:in `call'
actionpack (7.0.8) lib/action_dispatch/middleware/server_timing.rb:61:in `block in call'
actionpack (7.0.8) lib/action_dispatch/middleware/server_timing.rb:26:in `collect_events'
actionpack (7.0.8) lib/action_dispatch/middleware/server_timing.rb:60:in `call'
actionpack (7.0.8) lib/action_dispatch/middleware/executor.rb:14:in `call'
actionpack (7.0.8) lib/action_dispatch/middleware/static.rb:23:in `call'
rack (2.2.8) lib/rack/sendfile.rb:110:in `call'
actionpack (7.0.8) lib/action_dispatch/middleware/host_authorization.rb:138:in `call'
railties (7.0.8) lib/rails/engine.rb:530:in `call'
puma (5.6.7) lib/puma/configuration.rb:252:in `call'
puma (5.6.7) lib/puma/request.rb:77:in `block in handle_request'
puma (5.6.7) lib/puma/thread_pool.rb:340:in `with_force_shutdown'
puma (5.6.7) lib/puma/request.rb:76:in `handle_request'
puma (5.6.7) lib/puma/server.rb:443:in `process_client'
puma (5.6.7) lib/puma/thread_pool.rb:147:in `block in spawn_thread'
Started GET "/" for ::1 at 2023-12-14 11:07:50 +0900
Processing by CoachesController#index as HTML
Completed 406 Not Acceptable in 3ms (ActiveRecord: 0.0ms | Allocations: 684)


  
ActionController::MissingExactTemplate (CoachesController#index is missing a template for request formats: text/html):
  
actionpack (7.0.8) lib/action_controller/metal/implicit_render.rb:45:in `default_render'
actionpack (7.0.8) lib/action_controller/metal/basic_implicit_render.rb:7:in `send_action'
actionpack (7.0.8) lib/abstract_controller/base.rb:215:in `process_action'
actionpack (7.0.8) lib/action_controller/metal/rendering.rb:165:in `process_action'
actionpack (7.0.8) lib/abstract_controller/callbacks.rb:234:in `block in process_action'
activesupport (7.0.8) lib/active_support/callbacks.rb:118:in `block in run_callbacks'
actiontext (7.0.8) lib/action_text/rendering.rb:20:in `with_renderer'
actiontext (7.0.8) lib/action_text/engine.rb:69:in `block (4 levels) in <class:Engine>'
activesupport (7.0.8) lib/active_support/callbacks.rb:127:in `instance_exec'
activesupport (7.0.8) lib/active_support/callbacks.rb:127:in `block in run_callbacks'
activesupport (7.0.8) lib/active_support/callbacks.rb:138:in `run_callbacks'
actionpack (7.0.8) lib/abstract_controller/callbacks.rb:233:in `process_action'
actionpack (7.0.8) lib/action_controller/metal/rescue.rb:23:in `process_action'
actionpack (7.0.8) lib/action_controller/metal/instrumentation.rb:67:in `block in process_action'
activesupport (7.0.8) lib/active_support/notifications.rb:206:in `block in instrument'
activesupport (7.0.8) lib/active_support/notifications/instrumenter.rb:24:in `instrument'
activesupport (7.0.8) lib/active_support/notifications.rb:206:in `instrument'
actionpack (7.0.8) lib/action_controller/metal/instrumentation.rb:66:in `process_action'
actionpack (7.0.8) lib/action_controller/metal/params_wrapper.rb:259:in `process_action'
activerecord (7.0.8) lib/active_record/railties/controller_runtime.rb:27:in `process_action'
actionpack (7.0.8) lib/abstract_controller/base.rb:151:in `process'
actionview (7.0.8) lib/action_view/rendering.rb:39:in `process'
actionpack (7.0.8) lib/action_controller/metal.rb:188:in `dispatch'
actionpack (7.0.8) lib/action_controller/metal.rb:251:in `dispatch'
actionpack (7.0.8) lib/action_dispatch/routing/route_set.rb:49:in `dispatch'
actionpack (7.0.8) lib/action_dispatch/routing/route_set.rb:32:in `serve'
actionpack (7.0.8) lib/action_dispatch/journey/router.rb:50:in `block in serve'
actionpack (7.0.8) lib/action_dispatch/journey/router.rb:32:in `each'
actionpack (7.0.8) lib/action_dispatch/journey/router.rb:32:in `serve'
actionpack (7.0.8) lib/action_dispatch/routing/route_set.rb:852:in `call'
warden (1.2.9) lib/warden/manager.rb:36:in `block in call'
warden (1.2.9) lib/warden/manager.rb:34:in `catch'
warden (1.2.9) lib/warden/manager.rb:34:in `call'
rack (2.2.8) lib/rack/tempfile_reaper.rb:15:in `call'
rack (2.2.8) lib/rack/etag.rb:27:in `call'
rack (2.2.8) lib/rack/conditional_get.rb:27:in `call'
rack (2.2.8) lib/rack/head.rb:12:in `call'
actionpack (7.0.8) lib/action_dispatch/http/permissions_policy.rb:38:in `call'
actionpack (7.0.8) lib/action_dispatch/http/content_security_policy.rb:36:in `call'
rack (2.2.8) lib/rack/session/abstract/id.rb:266:in `context'
rack (2.2.8) lib/rack/session/abstract/id.rb:260:in `call'
actionpack (7.0.8) lib/action_dispatch/middleware/cookies.rb:704:in `call'
activerecord (7.0.8) lib/active_record/migration.rb:638:in `call'
actionpack (7.0.8) lib/action_dispatch/middleware/callbacks.rb:27:in `block in call'
activesupport (7.0.8) lib/active_support/callbacks.rb:99:in `run_callbacks'
actionpack (7.0.8) lib/action_dispatch/middleware/callbacks.rb:26:in `call'
actionpack (7.0.8) lib/action_dispatch/middleware/executor.rb:14:in `call'
actionpack (7.0.8) lib/action_dispatch/middleware/actionable_exceptions.rb:17:in `call'
actionpack (7.0.8) lib/action_dispatch/middleware/debug_exceptions.rb:28:in `call'
web-console (4.2.1) lib/web_console/middleware.rb:132:in `call_app'
web-console (4.2.1) lib/web_console/middleware.rb:28:in `block in call'
web-console (4.2.1) lib/web_console/middleware.rb:17:in `catch'
web-console (4.2.1) lib/web_console/middleware.rb:17:in `call'
actionpack (7.0.8) lib/action_dispatch/middleware/show_exceptions.rb:29:in `call'
railties (7.0.8) lib/rails/rack/logger.rb:40:in `call_app'
railties (7.0.8) lib/rails/rack/logger.rb:25:in `block in call'
activesupport (7.0.8) lib/active_support/tagged_logging.rb:99:in `block in tagged'
activesupport (7.0.8) lib/active_support/tagged_logging.rb:37:in `tagged'
activesupport (7.0.8) lib/active_support/tagged_logging.rb:99:in `tagged'
railties (7.0.8) lib/rails/rack/logger.rb:25:in `call'
sprockets-rails (3.4.2) lib/sprockets/rails/quiet_assets.rb:13:in `call'
actionpack (7.0.8) lib/action_dispatch/middleware/remote_ip.rb:93:in `call'
actionpack (7.0.8) lib/action_dispatch/middleware/request_id.rb:26:in `call'
rack (2.2.8) lib/rack/method_override.rb:24:in `call'
rack (2.2.8) lib/rack/runtime.rb:22:in `call'
activesupport (7.0.8) lib/active_support/cache/strategy/local_cache_middleware.rb:29:in `call'
actionpack (7.0.8) lib/action_dispatch/middleware/server_timing.rb:61:in `block in call'
actionpack (7.0.8) lib/action_dispatch/middleware/server_timing.rb:26:in `collect_events'
actionpack (7.0.8) lib/action_dispatch/middleware/server_timing.rb:60:in `call'
actionpack (7.0.8) lib/action_dispatch/middleware/executor.rb:14:in `call'
actionpack (7.0.8) lib/action_dispatch/middleware/static.rb:23:in `call'
rack (2.2.8) lib/rack/sendfile.rb:110:in `call'
actionpack (7.0.8) lib/action_dispatch/middleware/host_authorization.rb:138:in `call'
railties (7.0.8) lib/rails/engine.rb:530:in `call'
puma (5.6.7) lib/puma/configuration.rb:252:in `call'
puma (5.6.7) lib/puma/request.rb:77:in `block in handle_request'
puma (5.6.7) lib/puma/thread_pool.rb:340:in `with_force_shutdown'
puma (5.6.7) lib/puma/request.rb:76:in `handle_request'
puma (5.6.7) lib/puma/server.rb:443:in `process_client'
puma (5.6.7) lib/puma/thread_pool.rb:147:in `block in spawn_thread'
Started GET "/" for ::1 at 2023-12-14 11:16:28 +0900
Processing by CoachesController#index as HTML
  Rendering layout layouts/application.html.erb
  Rendering coaches/index.html.erb within layouts/application
  Rendered coaches/index.html.erb within layouts/application (Duration: 43.7ms | Allocations: 2997)
  Rendered layout layouts/application.html.erb (Duration: 44.6ms | Allocations: 3080)
Completed 500 Internal Server Error in 61ms (ActiveRecord: 1.0ms | Allocations: 4601)


  
ActionView::Template::Error (Missing partial shared/_header with {:locale=>[:en], :formats=>[:html], :variants=>[], :handlers=>[:raw, :erb, :html, :builder, :ruby, :jbuilder]}.

Searched in:
  * "C:/Users/maiko/matching_game/app/views"
  * "C:/Ruby30-x64/lib/ruby/gems/3.0.0/gems/devise-4.9.3/app/views"
  * "C:/Ruby30-x64/lib/ruby/gems/3.0.0/gems/turbo-rails-1.5.0/app/views"
  * "C:/Ruby30-x64/lib/ruby/gems/3.0.0/gems/actiontext-7.0.8/app/views"
  * "C:/Ruby30-x64/lib/ruby/gems/3.0.0/gems/actionmailbox-7.0.8/app/views"

Did you mean?  action_text/attachables/remote_image
               devise/shared/error_messages
               action_text/contents/content
               action_text/attachment_galleries/attachment_gallery
               action_text/attachables/missing_attachable
               layouts/action_text/contents/content):
    1: <div class="wrapper">
    2:   <%= render "shared/header" %>
    3:     <div class="side-bar">
    4:       <%= render "shared/side_bar" %>
    5:     </div>
  
app/views/coaches/index.html.erb:2
Started GET "/" for ::1 at 2023-12-14 11:25:49 +0900
Processing by CoachesController#index as HTML
  Rendering layout layouts/application.html.erb
  Rendering coaches/index.html.erb within layouts/application
  Rendered shared/_header.html.erb (Duration: 13.5ms | Allocations: 2560)
  Rendered coaches/index.html.erb within layouts/application (Duration: 16.5ms | Allocations: 3183)
  Rendered layout layouts/application.html.erb (Duration: 18.0ms | Allocations: 3263)
Completed 500 Internal Server Error in 32ms (ActiveRecord: 0.5ms | Allocations: 4708)


  
ActionView::Template::Error (The asset "matching-logo.png" is not present in the asset pipeline.
):
    1: <%# CSS・・・assets/stylesheets/shared/header.css #%>
    2: <header class='header'>
    3:   <div class='logo'>
    4:     <%= link_to image_tag("matching-logo.png", class:"matching-icon"), "/" %>
    5:   </div>
    6:   <div class='nav'>
    7:     <ul class='lists'>
  
app/views/shared/_header.html.erb:4
app/views/coaches/index.html.erb:2
Started GET "/" for ::1 at 2023-12-14 11:30:41 +0900
Processing by CoachesController#index as HTML
  Rendering layout layouts/application.html.erb
  Rendering coaches/index.html.erb within layouts/application
  Rendered shared/_header.html.erb (Duration: 493.4ms | Allocations: 38548)
  Rendered coaches/index.html.erb within layouts/application (Duration: 494.4ms | Allocations: 38612)
  Rendered layout layouts/application.html.erb (Duration: 495.2ms | Allocations: 38687)
Completed 500 Internal Server Error in 499ms (ActiveRecord: 0.0ms | Allocations: 39093)


  
LoadError (cannot load such file -- sassc):
  
bootsnap (1.17.0) lib/bootsnap/load_path_cache/core_ext/kernel_require.rb:17:in `require'
bootsnap (1.17.0) lib/bootsnap/load_path_cache/core_ext/kernel_require.rb:17:in `require'
zeitwerk (2.6.12) lib/zeitwerk/kernel.rb:38:in `require'
sprockets (4.2.1) lib/sprockets/autoload/sassc.rb:2:in `<main>'
bootsnap (1.17.0) lib/bootsnap/load_path_cache/core_ext/kernel_require.rb:32:in `require'
bootsnap (1.17.0) lib/bootsnap/load_path_cache/core_ext/kernel_require.rb:32:in `require'
zeitwerk (2.6.12) lib/zeitwerk/kernel.rb:38:in `require'
sprockets (4.2.1) lib/sprockets/sassc_processor.rb:42:in `initialize'
sprockets (4.2.1) lib/sprockets/sassc_processor.rb:27:in `new'
sprockets (4.2.1) lib/sprockets/sassc_processor.rb:27:in `instance'
sprockets (4.2.1) lib/sprockets/sassc_processor.rb:31:in `call'
sprockets (4.2.1) lib/sprockets/processor_utils.rb:84:in `call_processor'
sprockets (4.2.1) lib/sprockets/processor_utils.rb:66:in `block in call_processors'
sprockets (4.2.1) lib/sprockets/processor_utils.rb:65:in `reverse_each'
sprockets (4.2.1) lib/sprockets/processor_utils.rb:65:in `call_processors'
sprockets (4.2.1) lib/sprockets/processor_utils.rb:22:in `block in <class:CompositeProcessor>'
sprockets (4.2.1) lib/sprockets/processor_utils.rb:33:in `call'
sprockets (4.2.1) lib/sprockets/processor_utils.rb:84:in `call_processor'
sprockets (4.2.1) lib/sprockets/processor_utils.rb:66:in `block in call_processors'
sprockets (4.2.1) lib/sprockets/processor_utils.rb:65:in `reverse_each'
sprockets (4.2.1) lib/sprockets/processor_utils.rb:65:in `call_processors'
sprockets (4.2.1) lib/sprockets/loader.rb:184:in `load_from_unloaded'
sprockets (4.2.1) lib/sprockets/loader.rb:59:in `block in load'
sprockets (4.2.1) lib/sprockets/loader.rb:339:in `fetch_asset_from_dependency_cache'
sprockets (4.2.1) lib/sprockets/loader.rb:43:in `load'
sprockets (4.2.1) lib/sprockets/cached_environment.rb:44:in `block in load'
concurrent-ruby (1.2.2) lib/concurrent-ruby/concurrent/map.rb:207:in `block in fetch_or_store'
concurrent-ruby (1.2.2) lib/concurrent-ruby/concurrent/map.rb:187:in `fetch'
concurrent-ruby (1.2.2) lib/concurrent-ruby/concurrent/map.rb:206:in `fetch_or_store'
sprockets (4.2.1) lib/sprockets/cached_environment.rb:44:in `load'
sprockets (4.2.1) lib/sprockets/bundle.rb:41:in `block in call'
sprockets (4.2.1) lib/sprockets/utils.rb:175:in `dfs'
sprockets (4.2.1) lib/sprockets/bundle.rb:42:in `call'
sprockets (4.2.1) lib/sprockets/processor_utils.rb:84:in `call_processor'
sprockets (4.2.1) lib/sprockets/processor_utils.rb:66:in `block in call_processors'
sprockets (4.2.1) lib/sprockets/processor_utils.rb:65:in `reverse_each'
sprockets (4.2.1) lib/sprockets/processor_utils.rb:65:in `call_processors'
sprockets (4.2.1) lib/sprockets/loader.rb:184:in `load_from_unloaded'
sprockets (4.2.1) lib/sprockets/loader.rb:59:in `block in load'
sprockets (4.2.1) lib/sprockets/loader.rb:339:in `fetch_asset_from_dependency_cache'
sprockets (4.2.1) lib/sprockets/loader.rb:43:in `load'
sprockets (4.2.1) lib/sprockets/cached_environment.rb:44:in `block in load'
concurrent-ruby (1.2.2) lib/concurrent-ruby/concurrent/map.rb:207:in `block in fetch_or_store'
concurrent-ruby (1.2.2) lib/concurrent-ruby/concurrent/map.rb:187:in `fetch'
concurrent-ruby (1.2.2) lib/concurrent-ruby/concurrent/map.rb:206:in `fetch_or_store'
sprockets (4.2.1) lib/sprockets/cached_environment.rb:44:in `load'
sprockets (4.2.1) lib/sprockets/bundle.rb:32:in `block in call'
C:/Ruby30-x64/lib/ruby/3.0.0/set.rb:344:in `each_key'
C:/Ruby30-x64/lib/ruby/3.0.0/set.rb:344:in `each'
sprockets (4.2.1) lib/sprockets/bundle.rb:31:in `call'
sprockets (4.2.1) lib/sprockets/processor_utils.rb:84:in `call_processor'
sprockets (4.2.1) lib/sprockets/processor_utils.rb:66:in `block in call_processors'
sprockets (4.2.1) lib/sprockets/processor_utils.rb:65:in `reverse_each'
sprockets (4.2.1) lib/sprockets/processor_utils.rb:65:in `call_processors'
sprockets (4.2.1) lib/sprockets/loader.rb:184:in `load_from_unloaded'
sprockets (4.2.1) lib/sprockets/loader.rb:59:in `block in load'
sprockets (4.2.1) lib/sprockets/loader.rb:339:in `fetch_asset_from_dependency_cache'
sprockets (4.2.1) lib/sprockets/loader.rb:43:in `load'
sprockets (4.2.1) lib/sprockets/cached_environment.rb:44:in `block in load'
concurrent-ruby (1.2.2) lib/concurrent-ruby/concurrent/map.rb:207:in `block in fetch_or_store'
concurrent-ruby (1.2.2) lib/concurrent-ruby/concurrent/map.rb:187:in `fetch'
concurrent-ruby (1.2.2) lib/concurrent-ruby/concurrent/map.rb:206:in `fetch_or_store'
sprockets (4.2.1) lib/sprockets/cached_environment.rb:44:in `load'
sprockets (4.2.1) lib/sprockets/base.rb:81:in `find_asset'
sprockets (4.2.1) lib/sprockets/base.rb:88:in `find_all_linked_assets'
sprockets (4.2.1) lib/sprockets/manifest.rb:125:in `each'
sprockets (4.2.1) lib/sprockets/manifest.rb:125:in `to_a'
sprockets (4.2.1) lib/sprockets/manifest.rb:125:in `block (2 levels) in find'
concurrent-ruby (1.2.2) lib/concurrent-ruby/concurrent/executor/safe_task_executor.rb:24:in `block in execute'
concurrent-ruby (1.2.2) lib/concurrent-ruby/concurrent/synchronization/mutex_lockable_object.rb:48:in `block in synchronize'
concurrent-ruby (1.2.2) lib/concurrent-ruby/concurrent/synchronization/mutex_lockable_object.rb:48:in `synchronize'
concurrent-ruby (1.2.2) lib/concurrent-ruby/concurrent/synchronization/mutex_lockable_object.rb:48:in `synchronize'
concurrent-ruby (1.2.2) lib/concurrent-ruby/concurrent/executor/safe_task_executor.rb:22:in `execute'
concurrent-ruby (1.2.2) lib/concurrent-ruby/concurrent/promise.rb:564:in `block in realize'
concurrent-ruby (1.2.2) lib/concurrent-ruby/concurrent/executor/ruby_thread_pool_executor.rb:352:in `run_task'
concurrent-ruby (1.2.2) lib/concurrent-ruby/concurrent/executor/ruby_thread_pool_executor.rb:343:in `block (3 levels) in create_worker'
concurrent-ruby (1.2.2) lib/concurrent-ruby/concurrent/executor/ruby_thread_pool_executor.rb:334:in `loop'
concurrent-ruby (1.2.2) lib/concurrent-ruby/concurrent/executor/ruby_thread_pool_executor.rb:334:in `block (2 levels) in create_worker'
concurrent-ruby (1.2.2) lib/concurrent-ruby/concurrent/executor/ruby_thread_pool_executor.rb:333:in `catch'
concurrent-ruby (1.2.2) lib/concurrent-ruby/concurrent/executor/ruby_thread_pool_executor.rb:333:in `block in create_worker'
Started GET "/" for ::1 at 2023-12-14 11:39:39 +0900
  [1m[36mActiveRecord::SchemaMigration Pluck (0.9ms)[0m  [1m[34mSELECT "schema_migrations"."version" FROM "schema_migrations" ORDER BY "schema_migrations"."version" ASC[0m
Processing by CoachesController#index as HTML
  Rendering layout layouts/application.html.erb
  Rendering coaches/index.html.erb within layouts/application
  Rendered shared/_header.html.erb (Duration: 347.8ms | Allocations: 49507)
  Rendered coaches/index.html.erb within layouts/application (Duration: 354.1ms | Allocations: 50541)
  Rendered layout layouts/application.html.erb (Duration: 355.1ms | Allocations: 50631)
Completed 500 Internal Server Error in 437ms (ActiveRecord: 0.0ms | Allocations: 66546)


  
ActionView::Template::Error (Multiple files with the same output path cannot be linked ("coaches.css")
In "C:/Users/maiko/matching_game/app/assets/config/manifest.js" these files were linked:
  - C:/Users/maiko/matching_game/app/assets/stylesheets/coaches.css
  - C:/Users/maiko/matching_game/app/assets/stylesheets/coaches.scss
):
  
sprockets (4.2.1) lib/sprockets/base.rb:100:in `find_all_linked_assets'
sprockets (4.2.1) lib/sprockets/manifest.rb:125:in `each'
sprockets (4.2.1) lib/sprockets/manifest.rb:125:in `to_a'
sprockets (4.2.1) lib/sprockets/manifest.rb:125:in `block (2 levels) in find'
concurrent-ruby (1.2.2) lib/concurrent-ruby/concurrent/executor/safe_task_executor.rb:24:in `block in execute'
concurrent-ruby (1.2.2) lib/concurrent-ruby/concurrent/synchronization/mutex_lockable_object.rb:48:in `block in synchronize'
concurrent-ruby (1.2.2) lib/concurrent-ruby/concurrent/synchronization/mutex_lockable_object.rb:48:in `synchronize'
concurrent-ruby (1.2.2) lib/concurrent-ruby/concurrent/synchronization/mutex_lockable_object.rb:48:in `synchronize'
concurrent-ruby (1.2.2) lib/concurrent-ruby/concurrent/executor/safe_task_executor.rb:22:in `execute'
concurrent-ruby (1.2.2) lib/concurrent-ruby/concurrent/promise.rb:564:in `block in realize'
concurrent-ruby (1.2.2) lib/concurrent-ruby/concurrent/executor/ruby_thread_pool_executor.rb:352:in `run_task'
concurrent-ruby (1.2.2) lib/concurrent-ruby/concurrent/executor/ruby_thread_pool_executor.rb:343:in `block (3 levels) in create_worker'
concurrent-ruby (1.2.2) lib/concurrent-ruby/concurrent/executor/ruby_thread_pool_executor.rb:334:in `loop'
concurrent-ruby (1.2.2) lib/concurrent-ruby/concurrent/executor/ruby_thread_pool_executor.rb:334:in `block (2 levels) in create_worker'
concurrent-ruby (1.2.2) lib/concurrent-ruby/concurrent/executor/ruby_thread_pool_executor.rb:333:in `catch'
concurrent-ruby (1.2.2) lib/concurrent-ruby/concurrent/executor/ruby_thread_pool_executor.rb:333:in `block in create_worker'
Started GET "/" for ::1 at 2023-12-14 11:44:39 +0900
Processing by CoachesController#index as HTML
  Rendering layout layouts/application.html.erb
  Rendering coaches/index.html.erb within layouts/application
  Rendered shared/_header.html.erb (Duration: 132.0ms | Allocations: 34431)
  Rendered shared/_side_bar.html.erb (Duration: 0.9ms | Allocations: 169)
  [1m[36mCoach Load (0.3ms)[0m  [1m[34mSELECT "coaches".* FROM "coaches" ORDER BY created_at DESC[0m
  ↳ app/views/coaches/index.html.erb:8
  Rendered shared/_footer.html.erb (Duration: 1.2ms | Allocations: 114)
  Rendered coaches/index.html.erb within layouts/application (Duration: 140.3ms | Allocations: 35731)
  Rendered layout layouts/application.html.erb (Duration: 166.6ms | Allocations: 42202)
Completed 500 Internal Server Error in 171ms (ActiveRecord: 0.3ms | Allocations: 42628)


  
ActionView::Template::Error (undefined method `javascript_pack_tag' for #<ActionView::Base:0x0000000000d688>
Did you mean?  javascript_path
               javascript_tag):
     6:     <%= csp_meta_tag %>
     7:     <script type="text/javascript" src="https://js.pay.jp/v2/pay.js"></script>
     8:     <%= stylesheet_link_tag 'application', media: 'all'  %>
     9:     <%= javascript_pack_tag 'application' %>
    10:   </head>
    11: 
    12:   <body>
  
app/views/layouts/application.html.erb:9
Started GET "/" for ::1 at 2023-12-14 11:53:16 +0900
  [1m[36mActiveRecord::SchemaMigration Pluck (0.6ms)[0m  [1m[34mSELECT "schema_migrations"."version" FROM "schema_migrations" ORDER BY "schema_migrations"."version" ASC[0m
Processing by CoachesController#index as HTML
  Rendering layout layouts/application.html.erb
  Rendering coaches/index.html.erb within layouts/application
  Rendered shared/_header.html.erb (Duration: 139.3ms | Allocations: 26516)
  Rendered shared/_side_bar.html.erb (Duration: 0.9ms | Allocations: 166)
  [1m[36mCoach Load (0.2ms)[0m  [1m[34mSELECT "coaches".* FROM "coaches" ORDER BY created_at DESC[0m
  ↳ app/views/coaches/index.html.erb:8
  Rendered shared/_footer.html.erb (Duration: 0.6ms | Allocations: 114)
  Rendered coaches/index.html.erb within layouts/application (Duration: 149.0ms | Allocations: 28797)
  Rendered layout layouts/application.html.erb (Duration: 174.3ms | Allocations: 36017)
Completed 500 Internal Server Error in 248ms (ActiveRecord: 0.2ms | Allocations: 51946)


  
ActionView::Template::Error (undefined method `javascript_pack_tag' for #<ActionView::Base:0x0000000000d368>
Did you mean?  javascript_path
               javascript_tag):
     6:     <%= csp_meta_tag %>
     7:     <script type="text/javascript" src="https://js.pay.jp/v2/pay.js"></script>
     8:     <%= stylesheet_link_tag 'application', media: 'all'  %>
     9:     <%= javascript_pack_tag 'application' %>
    10:   </head>
    11: 
    12:   <body>
  
app/views/layouts/application.html.erb:9
Started GET "/" for ::1 at 2023-12-14 11:53:28 +0900
Processing by CoachesController#index as HTML
  Rendering layout layouts/application.html.erb
  Rendering coaches/index.html.erb within layouts/application
  Rendered shared/_header.html.erb (Duration: 3.5ms | Allocations: 1028)
  Rendered shared/_side_bar.html.erb (Duration: 0.0ms | Allocations: 8)
  [1m[36mCoach Load (0.2ms)[0m  [1m[34mSELECT "coaches".* FROM "coaches" ORDER BY created_at DESC[0m
  ↳ app/views/coaches/index.html.erb:8
  Rendered shared/_footer.html.erb (Duration: 0.0ms | Allocations: 8)
  Rendered coaches/index.html.erb within layouts/application (Duration: 6.6ms | Allocations: 1867)
  Rendered layout layouts/application.html.erb (Duration: 37.9ms | Allocations: 7941)
Completed 500 Internal Server Error in 43ms (ActiveRecord: 0.2ms | Allocations: 8365)


  
ActionView::Template::Error (undefined method `javascript_pack_tag' for #<ActionView::Base:0x0000000000d6d8>
Did you mean?  javascript_path
               javascript_tag):
     6:     <%= csp_meta_tag %>
     7:     <script type="text/javascript" src="https://js.pay.jp/v2/pay.js"></script>
     8:     <%= stylesheet_link_tag 'application', media: 'all'  %>
     9:     <%= javascript_pack_tag 'application' %>
    10:   </head>
    11: 
    12:   <body>
  
app/views/layouts/application.html.erb:9
Started GET "/" for ::1 at 2023-12-14 13:10:21 +0900
  [1m[36mActiveRecord::SchemaMigration Pluck (0.3ms)[0m  [1m[34mSELECT "schema_migrations"."version" FROM "schema_migrations" ORDER BY "schema_migrations"."version" ASC[0m
Processing by CoachesController#index as HTML
  Rendering layout layouts/application.html.erb
  Rendering coaches/index.html.erb within layouts/application
  Rendered shared/_header.html.erb (Duration: 155.1ms | Allocations: 26547)
  Rendered shared/_side_bar.html.erb (Duration: 0.8ms | Allocations: 166)
  [1m[36mCoach Load (0.4ms)[0m  [1m[34mSELECT "coaches".* FROM "coaches" ORDER BY created_at DESC[0m
  ↳ app/views/coaches/index.html.erb:8
  Rendered shared/_footer.html.erb (Duration: 1.8ms | Allocations: 114)
  Rendered coaches/index.html.erb within layouts/application (Duration: 170.6ms | Allocations: 28828)
  Rendered layout layouts/application.html.erb (Duration: 211.3ms | Allocations: 36048)
Completed 500 Internal Server Error in 310ms (ActiveRecord: 0.4ms | Allocations: 51977)


  
ActionView::Template::Error (undefined method `javascript_pack_tag' for #<ActionView::Base:0x0000000000d368>
Did you mean?  javascript_path
               javascript_tag):
     6:     <%= csp_meta_tag %>
     7:     <script type="text/javascript" src="https://js.pay.jp/v2/pay.js"></script>
     8:     <%= stylesheet_link_tag 'application', media: 'all'  %>
     9:     <%= javascript_pack_tag 'application' %>
    10:   </head>
    11: 
    12:   <body>
  
app/views/layouts/application.html.erb:9
Started GET "/" for ::1 at 2023-12-14 14:07:46 +0900
  [1m[36mActiveRecord::SchemaMigration Pluck (0.3ms)[0m  [1m[34mSELECT "schema_migrations"."version" FROM "schema_migrations" ORDER BY "schema_migrations"."version" ASC[0m
Processing by CoachesController#index as HTML
  Rendering layout layouts/application.html.erb
  Rendering coaches/index.html.erb within layouts/application
  Rendered shared/_header.html.erb (Duration: 141.1ms | Allocations: 26462)
  Rendered shared/_side_bar.html.erb (Duration: 0.8ms | Allocations: 166)
  [1m[36mCoach Load (0.2ms)[0m  [1m[34mSELECT "coaches".* FROM "coaches" ORDER BY created_at DESC[0m
  ↳ app/views/coaches/index.html.erb:8
  Rendered shared/_footer.html.erb (Duration: 1.1ms | Allocations: 114)
  Rendered coaches/index.html.erb within layouts/application (Duration: 153.0ms | Allocations: 28743)
  Rendered layout layouts/application.html.erb (Duration: 199.7ms | Allocations: 35963)
Completed 500 Internal Server Error in 289ms (ActiveRecord: 0.2ms | Allocations: 51892)


  
ActionView::Template::Error (undefined method `javascript_pack_tag' for #<ActionView::Base:0x0000000000d368>
Did you mean?  javascript_path
               javascript_tag):
     6:     <%= csp_meta_tag %>
     7:     <script type="text/javascript" src="https://js.pay.jp/v2/pay.js"></script>
     8:     <%= stylesheet_link_tag 'application', media: 'all'  %>
     9:     <%= javascript_pack_tag 'application' %>
    10:   </head>
    11: 
    12:   <body>
  
app/views/layouts/application.html.erb:9
Started GET "/" for ::1 at 2023-12-14 14:17:48 +0900
  [1m[36mActiveRecord::SchemaMigration Pluck (0.2ms)[0m  [1m[34mSELECT "schema_migrations"."version" FROM "schema_migrations" ORDER BY "schema_migrations"."version" ASC[0m
Processing by CoachesController#index as HTML
  Rendering layout layouts/application.html.erb
  Rendering coaches/index.html.erb within layouts/application
  Rendered shared/_header.html.erb (Duration: 839.2ms | Allocations: 128313)
  Rendered shared/_side_bar.html.erb (Duration: 0.9ms | Allocations: 171)
  [1m[36mCoach Load (0.2ms)[0m  [1m[34mSELECT "coaches".* FROM "coaches" ORDER BY created_at DESC[0m
  ↳ app/views/coaches/index.html.erb:8
  Rendered shared/_footer.html.erb (Duration: 1.3ms | Allocations: 114)
  Rendered coaches/index.html.erb within layouts/application (Duration: 856.4ms | Allocations: 130729)
  Rendered layout layouts/application.html.erb (Duration: 890.9ms | Allocations: 138430)
Completed 500 Internal Server Error in 1072ms (ActiveRecord: 0.2ms | Allocations: 158392)


  
ActionView::Template::Error (undefined method `javascript_pack_tag' for #<ActionView::Base:0x0000000000d390>
Did you mean?  javascript_path
               javascript_tag):
     6:     <%= csp_meta_tag %>
     7:     <script type="text/javascript" src="https://js.pay.jp/v2/pay.js"></script>
     8:     <%= stylesheet_link_tag 'application', media: 'all'  %>
     9:     <%= javascript_pack_tag 'application' %>
    10:   </head>
    11: 
    12:   <body>
  
app/views/layouts/application.html.erb:9
Started GET "/" for ::1 at 2023-12-14 14:18:52 +0900
Processing by CoachesController#index as HTML
  Rendering layout layouts/application.html.erb
  Rendering coaches/index.html.erb within layouts/application
  Rendered shared/_header.html.erb (Duration: 5.8ms | Allocations: 1453)
  Rendered shared/_side_bar.html.erb (Duration: 0.8ms | Allocations: 165)
  [1m[36mCoach Load (0.3ms)[0m  [1m[34mSELECT "coaches".* FROM "coaches" ORDER BY created_at DESC[0m
  ↳ app/views/coaches/index.html.erb:8
  Rendered shared/_footer.html.erb (Duration: 1.6ms | Allocations: 113)
  Rendered coaches/index.html.erb within layouts/application (Duration: 19.6ms | Allocations: 3244)
  Rendered layout layouts/application.html.erb (Duration: 29.0ms | Allocations: 5210)
Completed 200 OK in 41ms (Views: 36.5ms | ActiveRecord: 0.3ms | Allocations: 6554)


Started GET "/users/sign_up" for ::1 at 2023-12-14 14:19:45 +0900
Processing by Devise::RegistrationsController#new as HTML
  Rendering layout layouts/application.html.erb
  Rendering devise/registrations/new.html.erb within layouts/application
  Rendered shared/_header.html.erb (Duration: 2.9ms | Allocations: 994)
  Rendered shared/_side_bar.html.erb (Duration: 0.0ms | Allocations: 9)
  Rendered devise/shared/_error_messages.html.erb (Duration: 1.1ms | Allocations: 261)
  Rendered shared/_footer.html.erb (Duration: 0.0ms | Allocations: 15)
  Rendered devise/registrations/new.html.erb within layouts/application (Duration: 43.1ms | Allocations: 6001)
  Rendered layout layouts/application.html.erb (Duration: 60.0ms | Allocations: 7758)
Completed 200 OK in 111ms (Views: 73.7ms | ActiveRecord: 0.9ms | Allocations: 28324)


Started GET "/users/sign_up" for ::1 at 2023-12-14 14:19:55 +0900
Processing by Devise::RegistrationsController#new as HTML
  Rendering layout layouts/application.html.erb
  Rendering devise/registrations/new.html.erb within layouts/application
  Rendered shared/_header.html.erb (Duration: 5.0ms | Allocations: 811)
  Rendered shared/_side_bar.html.erb (Duration: 0.0ms | Allocations: 8)
  Rendered devise/shared/_error_messages.html.erb (Duration: 0.0ms | Allocations: 14)
  Rendered shared/_footer.html.erb (Duration: 0.0ms | Allocations: 8)
  Rendered devise/registrations/new.html.erb within layouts/application (Duration: 9.8ms | Allocations: 2453)
  Rendered layout layouts/application.html.erb (Duration: 16.8ms | Allocations: 4086)
Completed 200 OK in 21ms (Views: 18.3ms | ActiveRecord: 0.0ms | Allocations: 4899)


Started GET "/users/sign_in" for ::1 at 2023-12-14 14:19:58 +0900
Processing by Devise::SessionsController#new as HTML
  Rendering layout layouts/application.html.erb
  Rendering devise/sessions/new.html.erb within layouts/application
  Rendered shared/_header.html.erb (Duration: 4.9ms | Allocations: 993)
  Rendered shared/_side_bar.html.erb (Duration: 0.0ms | Allocations: 9)
  Rendered shared/_error_messages.html.erb (Duration: 2.0ms | Allocations: 217)
  Rendered shared/_footer.html.erb (Duration: 0.0ms | Allocations: 9)
  Rendered devise/sessions/new.html.erb within layouts/application (Duration: 14.5ms | Allocations: 2763)
  Rendered layout layouts/application.html.erb (Duration: 21.7ms | Allocations: 4436)
Completed 200 OK in 34ms (Views: 29.8ms | ActiveRecord: 0.0ms | Allocations: 6134)


Started GET "/" for ::1 at 2023-12-14 14:20:01 +0900
Processing by CoachesController#index as HTML
  Rendering layout layouts/application.html.erb
  Rendering coaches/index.html.erb within layouts/application
  Rendered shared/_header.html.erb (Duration: 4.2ms | Allocations: 1018)
  Rendered shared/_side_bar.html.erb (Duration: 0.0ms | Allocations: 8)
  [1m[36mCoach Load (0.3ms)[0m  [1m[34mSELECT "coaches".* FROM "coaches" ORDER BY created_at DESC[0m
  ↳ app/views/coaches/index.html.erb:8
  Rendered shared/_footer.html.erb (Duration: 0.1ms | Allocations: 8)
  Rendered coaches/index.html.erb within layouts/application (Duration: 8.1ms | Allocations: 1854)
  Rendered layout layouts/application.html.erb (Duration: 16.0ms | Allocations: 3506)
Completed 200 OK in 20ms (Views: 17.0ms | ActiveRecord: 0.3ms | Allocations: 3935)


Started GET "/users/sign_in" for ::1 at 2023-12-14 14:21:47 +0900
Processing by Devise::SessionsController#new as HTML
  Rendering layout layouts/application.html.erb
  Rendering devise/sessions/new.html.erb within layouts/application
  Rendered shared/_header.html.erb (Duration: 3.4ms | Allocations: 781)
  Rendered shared/_side_bar.html.erb (Duration: 0.0ms | Allocations: 8)
  Rendered shared/_error_messages.html.erb (Duration: 0.0ms | Allocations: 13)
  Rendered shared/_footer.html.erb (Duration: 0.1ms | Allocations: 8)
  Rendered devise/sessions/new.html.erb within layouts/application (Duration: 7.5ms | Allocations: 1731)
  Rendered layout layouts/application.html.erb (Duration: 15.8ms | Allocations: 3363)
Completed 200 OK in 21ms (Views: 17.4ms | ActiveRecord: 0.0ms | Allocations: 4128)


Started GET "/users/sign_in" for ::1 at 2023-12-14 14:27:04 +0900
Processing by Devise::SessionsController#new as HTML
  Rendering layout layouts/application.html.erb
  Rendering devise/sessions/new.html.erb within layouts/application
  Rendered shared/_header.html.erb (Duration: 3.9ms | Allocations: 781)
  Rendered shared/_side_bar.html.erb (Duration: 0.0ms | Allocations: 8)
  Rendered shared/_error_messages.html.erb (Duration: 0.0ms | Allocations: 13)
  Rendered shared/_footer.html.erb (Duration: 0.0ms | Allocations: 8)
  Rendered devise/sessions/new.html.erb within layouts/application (Duration: 7.2ms | Allocations: 1730)
  Rendered layout layouts/application.html.erb (Duration: 19.5ms | Allocations: 3360)
Completed 200 OK in 26ms (Views: 21.4ms | ActiveRecord: 0.0ms | Allocations: 4093)


Started GET "/users/sign_up" for ::1 at 2023-12-14 14:27:25 +0900
Processing by Devise::RegistrationsController#new as HTML
  Rendering layout layouts/application.html.erb
  Rendering devise/registrations/new.html.erb within layouts/application
  Rendered shared/_header.html.erb (Duration: 4.5ms | Allocations: 781)
  Rendered shared/_side_bar.html.erb (Duration: 0.1ms | Allocations: 8)
  Rendered devise/shared/_error_messages.html.erb (Duration: 0.0ms | Allocations: 13)
  Rendered shared/_footer.html.erb (Duration: 0.0ms | Allocations: 8)
  Rendered devise/registrations/new.html.erb within layouts/application (Duration: 9.4ms | Allocations: 2414)
  Rendered layout layouts/application.html.erb (Duration: 18.6ms | Allocations: 4044)
Completed 200 OK in 23ms (Views: 19.9ms | ActiveRecord: 0.0ms | Allocations: 4724)


Started GET "/users/sign_in" for ::1 at 2023-12-14 14:38:30 +0900
Processing by Devise::SessionsController#new as HTML
  Rendering layout layouts/application.html.erb
  Rendering devise/sessions/new.html.erb within layouts/application
  Rendered shared/_header.html.erb (Duration: 3.0ms | Allocations: 781)
  Rendered shared/_side_bar.html.erb (Duration: 0.0ms | Allocations: 8)
  Rendered shared/_error_messages.html.erb (Duration: 0.2ms | Allocations: 13)
  Rendered shared/_footer.html.erb (Duration: 0.0ms | Allocations: 8)
  Rendered devise/sessions/new.html.erb within layouts/application (Duration: 6.3ms | Allocations: 1730)
  Rendered layout layouts/application.html.erb (Duration: 16.0ms | Allocations: 3360)
Completed 200 OK in 23ms (Views: 17.9ms | ActiveRecord: 0.0ms | Allocations: 4096)


Started GET "/users/sign_up" for ::1 at 2023-12-14 14:38:33 +0900
Processing by Devise::RegistrationsController#new as HTML
  Rendering layout layouts/application.html.erb
  Rendering devise/registrations/new.html.erb within layouts/application
  Rendered shared/_header.html.erb (Duration: 3.9ms | Allocations: 781)
  Rendered shared/_side_bar.html.erb (Duration: 0.0ms | Allocations: 8)
  Rendered devise/shared/_error_messages.html.erb (Duration: 0.0ms | Allocations: 13)
  Rendered shared/_footer.html.erb (Duration: 0.0ms | Allocations: 8)
  Rendered devise/registrations/new.html.erb within layouts/application (Duration: 7.4ms | Allocations: 2413)
  Rendered layout layouts/application.html.erb (Duration: 15.2ms | Allocations: 4043)
Completed 200 OK in 19ms (Views: 16.4ms | ActiveRecord: 0.0ms | Allocations: 4747)


